<?xml version="1.0" encoding="UTF-8"?>
<testng-results ignored="0" total="1" passed="1" failed="0" skipped="0">
  <reporter-output>
  </reporter-output>
  <suite started-at="2023-08-07T22:38:41 IST" name="LinkAirways Test Suite" finished-at="2023-08-07T22:40:53 IST" duration-ms="131882">
    <groups>
    </groups>
    <test started-at="2023-08-07T22:38:41 IST" name="PrimeBooking" finished-at="2023-08-07T22:40:53 IST" duration-ms="131882">
      <class name="FlightBooking.PrimeBooking">
        <test-method is-config="true" signature="launchBrowser()[pri:0, instance:FlightBooking.PrimeBooking@53045c6c]" started-at="2023-08-07T22:37:42 IST" name="launchBrowser" finished-at="2023-08-07T22:38:41 IST" duration-ms="59478" status="PASS">
          <reporter-output>
          </reporter-output>
        </test-method> <!-- launchBrowser -->
        <test-method signature="login()[pri:0, instance:FlightBooking.PrimeBooking@53045c6c]" started-at="2023-08-07T22:38:41 IST" name="login" finished-at="2023-08-07T22:40:53 IST" duration-ms="131555" status="PASS">
          <reporter-output>
          </reporter-output>
        </test-method> <!-- login -->
        <test-method is-config="true" signature="tearDown()[pri:0, instance:FlightBooking.PrimeBooking@53045c6c]" started-at="2023-08-07T22:40:53 IST" name="tearDown" finished-at="2023-08-07T22:40:53 IST" duration-ms="1" status="PASS">
          <reporter-output>
          </reporter-output>
        </test-method> <!-- tearDown -->
      </class> <!-- FlightBooking.PrimeBooking -->
    </test> <!-- PrimeBooking -->
  </suite> <!-- LinkAirways Test Suite -->
</testng-results>
